2018-07-18 20:51:41,457 [Worker-1: Loading available Gradle versions] INFO  c.g.t.t.d.PublishedGradleVersions - Gradle version information cache is out-of-date. Trying to update.
2018-07-18 20:52:43,675 [Worker-1: Building workspace] INFO  o.e.m.c.i.l.LifecycleMappingFactory - Using org.maven.ide.eclipse.wtp.WarLifecycleMapping lifecycle mapping for MavenProject: GCRest:GCRest:0.0.1-SNAPSHOT @ C:\Users\Claudio\Desktop\GC\GC-Backend\GCRest\pom.xml.
2018-07-18 20:52:43,675 [Worker-16: Updating Maven Dependencies] INFO  o.e.m.c.i.l.LifecycleMappingFactory - Using org.maven.ide.eclipse.wtp.WarLifecycleMapping lifecycle mapping for MavenProject: GCRest:GCRest:0.0.1-SNAPSHOT @ C:\Users\Claudio\Desktop\GC\GC-Backend\GCRest\pom.xml.
2018-07-18 20:52:44,571 [Worker-1: Building workspace] WARN  o.e.m.c.i.embedder.EclipseLogger - The POM for mysql:mysql-connector-java:jar:8.0.11 is invalid, transitive dependencies (if any) will not be available, enable debug logging for more details
2018-07-18 20:52:44,571 [Worker-16: Updating Maven Dependencies] WARN  o.e.m.c.i.embedder.EclipseLogger - The POM for mysql:mysql-connector-java:jar:8.0.11 is invalid, transitive dependencies (if any) will not be available, enable debug logging for more details
2018-07-18 20:52:45,701 [Worker-1: Building workspace] WARN  o.e.m.c.i.embedder.EclipseLogger - The POM for mysql:mysql-connector-java:jar:8.0.11 is invalid, transitive dependencies (if any) will not be available, enable debug logging for more details
2018-07-18 20:52:51,270 [Worker-1: Building workspace] WARN  o.e.m.c.i.embedder.EclipseLogger - Using platform encoding (Cp1252 actually) to copy filtered resources, i.e. build is platform dependent!
2018-07-18 20:52:51,278 [Worker-1: Building workspace] INFO  o.e.m.c.i.embedder.EclipseLogger - skip non existing resourceDirectory C:\Users\Claudio\Desktop\GC\GC-Backend\GCRest\src\main\resources
2018-07-18 20:52:51,282 [Worker-1: Building workspace] WARN  o.e.m.c.i.embedder.EclipseLogger - Using platform encoding (Cp1252 actually) to copy filtered resources, i.e. build is platform dependent!
2018-07-18 20:52:51,288 [Worker-1: Building workspace] INFO  o.e.m.c.i.embedder.EclipseLogger - skip non existing resourceDirectory C:\Users\Claudio\Desktop\GC\GC-Backend\GCRest\src\test\resources
2018-07-18 20:52:53,892 [Worker-9: Building workspace] WARN  o.e.m.c.i.embedder.EclipseLogger - The POM for mysql:mysql-connector-java:jar:8.0.11 is invalid, transitive dependencies (if any) will not be available, enable debug logging for more details
2018-07-18 20:52:54,415 [Worker-0: Updating Maven Dependencies] INFO  o.e.m.c.i.l.LifecycleMappingFactory - Using org.maven.ide.eclipse.wtp.WarLifecycleMapping lifecycle mapping for MavenProject: GCRest:GCRest:0.0.1-SNAPSHOT @ C:\Users\Claudio\Desktop\GC\GC-Backend\GCRest\pom.xml.
2018-07-18 20:52:54,426 [Worker-9: Building workspace] WARN  o.e.m.c.i.embedder.EclipseLogger - Using platform encoding (Cp1252 actually) to copy filtered resources, i.e. build is platform dependent!
2018-07-18 20:52:54,435 [Worker-9: Building workspace] INFO  o.e.m.c.i.embedder.EclipseLogger - skip non existing resourceDirectory C:\Users\Claudio\Desktop\GC\GC-Backend\GCRest\src\main\resources
2018-07-18 20:52:54,437 [Worker-9: Building workspace] WARN  o.e.m.c.i.embedder.EclipseLogger - Using platform encoding (Cp1252 actually) to copy filtered resources, i.e. build is platform dependent!
2018-07-18 20:52:54,446 [Worker-9: Building workspace] INFO  o.e.m.c.i.embedder.EclipseLogger - skip non existing resourceDirectory C:\Users\Claudio\Desktop\GC\GC-Backend\GCRest\src\test\resources
2018-07-18 20:52:54,457 [Worker-0: Updating Maven Dependencies] WARN  o.e.m.c.i.embedder.EclipseLogger - The POM for mysql:mysql-connector-java:jar:8.0.11 is invalid, transitive dependencies (if any) will not be available, enable debug logging for more details
2018-07-18 20:52:55,590 [Worker-6: Building workspace] WARN  o.e.m.c.i.embedder.EclipseLogger - The POM for mysql:mysql-connector-java:jar:8.0.11 is invalid, transitive dependencies (if any) will not be available, enable debug logging for more details
2018-07-18 20:52:55,664 [Worker-6: Building workspace] WARN  o.e.m.c.i.embedder.EclipseLogger - Using platform encoding (Cp1252 actually) to copy filtered resources, i.e. build is platform dependent!
2018-07-18 20:52:55,672 [Worker-6: Building workspace] INFO  o.e.m.c.i.embedder.EclipseLogger - skip non existing resourceDirectory C:\Users\Claudio\Desktop\GC\GC-Backend\GCRest\src\main\resources
2018-07-18 20:52:55,681 [Worker-6: Building workspace] WARN  o.e.m.c.i.embedder.EclipseLogger - Using platform encoding (Cp1252 actually) to copy filtered resources, i.e. build is platform dependent!
2018-07-18 20:52:55,693 [Worker-6: Building workspace] INFO  o.e.m.c.i.embedder.EclipseLogger - skip non existing resourceDirectory C:\Users\Claudio\Desktop\GC\GC-Backend\GCRest\src\test\resources
2018-07-18 22:17:07,066 [Worker-25: Building workspace] WARN  o.e.m.c.i.embedder.EclipseLogger - Using platform encoding (Cp1252 actually) to copy filtered resources, i.e. build is platform dependent!
2018-07-18 22:17:07,081 [Worker-25: Building workspace] INFO  o.e.m.c.i.embedder.EclipseLogger - skip non existing resourceDirectory C:\Users\Claudio\Desktop\GC\GC-Backend\GCRest\src\main\resources
2018-07-18 22:17:07,091 [Worker-25: Building workspace] WARN  o.e.m.c.i.embedder.EclipseLogger - Using platform encoding (Cp1252 actually) to copy filtered resources, i.e. build is platform dependent!
2018-07-18 22:17:07,107 [Worker-25: Building workspace] INFO  o.e.m.c.i.embedder.EclipseLogger - skip non existing resourceDirectory C:\Users\Claudio\Desktop\GC\GC-Backend\GCRest\src\test\resources
